[0m[[0m[0mdebug[0m] [0m[0m> Exec(universal:packageBin, Some(8dc0b48f-5a73-4132-b95d-1ad05364c85c), Some(CommandSource(console0)))[0m
[0m[[0m[0mdebug[0m] [0m[0mEvaluating tasks: Universal / packageBin[0m
[0m[[0m[33mwarn[0m] [0m[0msbt 0.13 shell syntax is deprecated; use slash syntax instead: Universal / packageBin[0m
[0m[[0m[0mdebug[0m] [0m[0mRunning task... Cancel: Signal, check cycles: false, forcegc: true[0m
[0m[[0m[0minfo[0m] [0m[0mWrote /Users/andrefilho/IdeaProjects/widgetSemana/target/scala-3.1.0/widgetsemana_3-1.0.pom[0m
[0m[[0m[0minfo[0m] [0m[0mUpdating [0m
[0m[[0m[0minfo[0m] [0m[0mResolved  dependencies[0m
[0m[[0m[0minfo[0m] [0m[0mUpdating [0m
[0m[[0m[0minfo[0m] [0m[0mResolved  dependencies[0m
[0m[[0m[0minfo[0m] [0m[0mUpdating [0m
[0m[[0m[0minfo[0m] [0m[0mResolved  dependencies[0m
[0m[[0m[0minfo[0m] [0m[0mUpdating [0m
[0m[[0m[0minfo[0m] [0m[0mResolved  dependencies[0m
[0m[[0m[0minfo[0m] [0m[0mFetching artifacts of [0m
[0m[[0m[0minfo[0m] [0m[0mFetched artifacts of [0m
[0m[[0m[0minfo[0m] [0m[0mFetching artifacts of [0m
[0m[[0m[0minfo[0m] [0m[0mFetched artifacts of [0m
[0m[[0m[0minfo[0m] [0m[0mcompiling 1 Scala source to /Users/andrefilho/IdeaProjects/widgetSemana/target/scala-3.1.0/classes ...[0m
[0m[[0m[31merror[0m] [0m[0merror while loading DayOfWeek,[0m
[0m[[0m[31merror[0m] [0m[0mclass file /modules/java.base/java/time/DayOfWeek.class is broken, reading aborted with class java.lang.RuntimeException[0m
[0m[[0m[31merror[0m] [0m[0mbad constant pool index: 0 at pos: 3967[0m
[0m[[0m[31merror[0m] [0m[0m[31m-- [E008] Not Found Error: /Users/andrefilho/IdeaProjects/widgetSemana/src/main/scala/MensagemDiaSemanaGUI.scala:14:33 [0m[0m
[0m[[0m[31merror[0m] [0m[0m[31m14 |[0m    [33mval[0m [36mnomeDiaSemana[0m = diaAtual.getDisplayName(TextStyle.FULL, Locale([31m"pt"[0m, [31m"BR"[0m))[0m
[0m[[0m[31merror[0m] [0m[0m   |                        [31m^^^^^^^^^^^^^^^^^^^^^^^[0m[0m
[0m[[0m[31merror[0m] [0m[0m   |             value getDisplayName is not a member of java.time.DayOfWeek[0m
[0m[[0m[31merror[0m] [0m[0m[31m-- [E008] Not Found Error: /Users/andrefilho/IdeaProjects/widgetSemana/src/main/scala/MensagemDiaSemanaGUI.scala:14:58 [0m[0m
[0m[[0m[31merror[0m] [0m[0m[31m14 |[0m    [33mval[0m [36mnomeDiaSemana[0m = diaAtual.getDisplayName(TextStyle.FULL, Locale([31m"pt"[0m, [31m"BR"[0m))[0m
[0m[[0m[31merror[0m] [0m[0m   |                                                [31m^^^^^^^^^^^^^^[0m[0m
[0m[[0m[31merror[0m] [0m[0m   |         value FULL is not a member of object java.time.format.TextStyle[0m
[0m[[0m[31merror[0m] [0m[0m[31m-- [E006] Not Found Error: /Users/andrefilho/IdeaProjects/widgetSemana/src/main/scala/MensagemDiaSemanaGUI.scala:38:4 [0m[0m
[0m[[0m[31merror[0m] [0m[0m[31m38 |[0m    launch(args)[0m
[0m[[0m[31merror[0m] [0m[0m   |    [31m^^^^^^[0m[0m
[0m[[0m[31merror[0m] [0m[0m   |    Not found: launch[0m
[0m[[0m[31merror[0m] [0m[0mfour errors found[0m
[0m[[0m[31merror[0m] [0m[0mfour errors found[0m
[0m[[0m[31merror[0m] [0m[0m(Compile / [31mcompileIncremental[0m) Compilation failed[0m
[0m[[0m[31merror[0m] [0m[0mTotal time: 16 s, completed 18 de nov. de 2023 15:05:21[0m
[0m[[0m[0mdebug[0m] [0m[0m> Exec(shell, None, None)[0m
[0m[[0m[0mdebug[0m] [0m[0mForcing garbage collection...[0m
[0m[[0m[0minfo[0m] [0m[0mshutting down sbt server[0m
